 srun -n 4 ./mpi_2dmesh -i ../data/zebra-gray-int8-4x -x 7112 -y 5146 -g 1  
Hello world, I'm rank 2 of 4 total ranks running on <nid005306>
Hello world, I'm rank 3 of 4 total ranks running on <nid006700>
Hello world, I'm rank 1 of 4 total ranks running on <nid004786>
Hello world, I'm rank 0 of 4 total ranks running on <nid004411>


Timing results from rank 0: 
	Scatter time:	117.1696 (ms) 
	Sobel time:	56.7502 (ms) 
	Gather time:	105.1014 (ms) 
 srun -n 4 ./mpi_2dmesh -i ../data/zebra-gray-int8-4x -x 7112 -y 5146 -g 2  
Hello world, I'm rank 2 of 4 total ranks running on <nid005306>
Hello world, I'm rank 1 of 4 total ranks running on <nid004786>
Hello world, I'm rank 3 of 4 total ranks running on <nid006700>
Hello world, I'm rank 0 of 4 total ranks running on <nid004411>


Timing results from rank 0: 
	Scatter time:	326.0730 (ms) 
	Sobel time:	56.5751 (ms) 
	Gather time:	415.1560 (ms) 
 srun -n 4 ./mpi_2dmesh -i ../data/zebra-gray-int8-4x -x 7112 -y 5146 -g 3  
Hello world, I'm rank 1 of 4 total ranks running on <nid004786>
Hello world, I'm rank 2 of 4 total ranks running on <nid005306>
Hello world, I'm rank 3 of 4 total ranks running on <nid006700>
Hello world, I'm rank 0 of 4 total ranks running on <nid004411>


Timing results from rank 0: 
	Scatter time:	179.5677 (ms) 
	Sobel time:	56.4161 (ms) 
	Gather time:	189.9867 (ms) 
 srun -n 9 ./mpi_2dmesh -i ../data/zebra-gray-int8-4x -x 7112 -y 5146 -g 1  
Hello world, I'm rank 1 of 9 total ranks running on <nid004411>
Hello world, I'm rank 2 of 9 total ranks running on <nid004411>
Hello world, I'm rank 8 of 9 total ranks running on <nid006700>
Hello world, I'm rank 4 of 9 total ranks running on <nid004786>
Hello world, I'm rank 7 of 9 total ranks running on <nid006700>
Hello world, I'm rank 3 of 9 total ranks running on <nid004786>
Hello world, I'm rank 6 of 9 total ranks running on <nid005306>
Hello world, I'm rank 5 of 9 total ranks running on <nid005306>
Hello world, I'm rank 0 of 9 total ranks running on <nid004411>


Timing results from rank 0: 
	Scatter time:	106.4423 (ms) 
	Sobel time:	25.3641 (ms) 
	Gather time:	99.4921 (ms) 
 srun -n 9 ./mpi_2dmesh -i ../data/zebra-gray-int8-4x -x 7112 -y 5146 -g 2  
Hello world, I'm rank 2 of 9 total ranks running on <nid004411>
Hello world, I'm rank 1 of 9 total ranks running on <nid004411>
Hello world, I'm rank 3 of 9 total ranks running on <nid004786>
Hello world, I'm rank 4 of 9 total ranks running on <nid004786>
Hello world, I'm rank 8 of 9 total ranks running on <nid006700>
Hello world, I'm rank 7 of 9 total ranks running on <nid006700>
Hello world, I'm rank 6 of 9 total ranks running on <nid005306>
Hello world, I'm rank 5 of 9 total ranks running on <nid005306>
Hello world, I'm rank 0 of 9 total ranks running on <nid004411>


Timing results from rank 0: 
	Scatter time:	601.7967 (ms) 
	Sobel time:	25.4097 (ms) 
	Gather time:	1998.6066 (ms) 
 srun -n 9 ./mpi_2dmesh -i ../data/zebra-gray-int8-4x -x 7112 -y 5146 -g 3  
Hello world, I'm rank 1 of 9 total ranks running on <nid004411>
Hello world, I'm rank 2 of 9 total ranks running on <nid004411>
Hello world, I'm rank 4 of 9 total ranks running on <nid004786>
Hello world, I'm rank 8 of 9 total ranks running on <nid006700>
Hello world, I'm rank 3 of 9 total ranks running on <nid004786>
Hello world, I'm rank 7 of 9 total ranks running on <nid006700>
Hello world, I'm rank 6 of 9 total ranks running on <nid005306>
Hello world, I'm rank 5 of 9 total ranks running on <nid005306>
Hello world, I'm rank 0 of 9 total ranks running on <nid004411>


Timing results from rank 0: 
	Scatter time:	230.6980 (ms) 
	Sobel time:	25.6073 (ms) 
	Gather time:	280.8491 (ms) 
 srun -n 16 ./mpi_2dmesh -i ../data/zebra-gray-int8-4x -x 7112 -y 5146 -g 1  
Hello world, I'm rank 1 of 16 total ranks running on <nid004411>
Hello world, I'm rank 2 of 16 total ranks running on <nid004411>
Hello world, I'm rank 3 of 16 total ranks running on <nid004411>
Hello world, I'm rank 14 of 16 total ranks running on <nid006700>
Hello world, I'm rank 10 of 16 total ranks running on <nid005306>
Hello world, I'm rank 11 of 16 total ranks running on <nid005306>
Hello world, I'm rank 13 of 16 total ranks running on <nid006700>
Hello world, I'm rank 5 of 16 total ranks running on <nid004786>
Hello world, I'm rank 7 of 16 total ranks running on <nid004786>
Hello world, I'm rank 6 of 16 total ranks running on <nid004786>
Hello world, I'm rank 12 of 16 total ranks running on <nid006700>
Hello world, I'm rank 8 of 16 total ranks running on <nid005306>
Hello world, I'm rank 15 of 16 total ranks running on <nid006700>
Hello world, I'm rank 4 of 16 total ranks running on <nid004786>
Hello world, I'm rank 9 of 16 total ranks running on <nid005306>
Hello world, I'm rank 0 of 16 total ranks running on <nid004411>


Timing results from rank 0: 
	Scatter time:	114.1676 (ms) 
	Sobel time:	14.4570 (ms) 
	Gather time:	109.8825 (ms) 
 srun -n 16 ./mpi_2dmesh -i ../data/zebra-gray-int8-4x -x 7112 -y 5146 -g 2  
Hello world, I'm rank 1 of 16 total ranks running on <nid004411>
Hello world, I'm rank 3 of 16 total ranks running on <nid004411>
Hello world, I'm rank 2 of 16 total ranks running on <nid004411>
Hello world, I'm rank 13 of 16 total ranks running on <nid006700>
Hello world, I'm rank 11 of 16 total ranks running on <nid005306>
Hello world, I'm rank 9 of 16 total ranks running on <nid005306>
Hello world, I'm rank 10 of 16 total ranks running on <nid005306>
Hello world, I'm rank 8 of 16 total ranks running on <nid005306>
Hello world, I'm rank 14 of 16 total ranks running on <nid006700>
Hello world, I'm rank 5 of 16 total ranks running on <nid004786>
Hello world, I'm rank 6 of 16 total ranks running on <nid004786>
Hello world, I'm rank 12 of 16 total ranks running on <nid006700>
Hello world, I'm rank 4 of 16 total ranks running on <nid004786>
Hello world, I'm rank 7 of 16 total ranks running on <nid004786>
Hello world, I'm rank 15 of 16 total ranks running on <nid006700>
Hello world, I'm rank 0 of 16 total ranks running on <nid004411>


Timing results from rank 0: 
	Scatter time:	903.3579 (ms) 
	Sobel time:	14.7887 (ms) 
	Gather time:	7021.3166 (ms) 
 srun -n 16 ./mpi_2dmesh -i ../data/zebra-gray-int8-4x -x 7112 -y 5146 -g 3  
Hello world, I'm rank 3 of 16 total ranks running on <nid004411>
Hello world, I'm rank 2 of 16 total ranks running on <nid004411>
Hello world, I'm rank 1 of 16 total ranks running on <nid004411>
Hello world, I'm rank 10 of 16 total ranks running on <nid005306>
Hello world, I'm rank 9 of 16 total ranks running on <nid005306>
Hello world, I'm rank 11 of 16 total ranks running on <nid005306>
Hello world, I'm rank 6 of 16 total ranks running on <nid004786>
Hello world, I'm rank 14 of 16 total ranks running on <nid006700>
Hello world, I'm rank 5 of 16 total ranks running on <nid004786>
Hello world, I'm rank 8 of 16 total ranks running on <nid005306>
Hello world, I'm rank 13 of 16 total ranks running on <nid006700>
Hello world, I'm rank 7 of 16 total ranks running on <nid004786>
Hello world, I'm rank 4 of 16 total ranks running on <nid004786>
Hello world, I'm rank 12 of 16 total ranks running on <nid006700>
Hello world, I'm rank 15 of 16 total ranks running on <nid006700>
Hello world, I'm rank 0 of 16 total ranks running on <nid004411>


Timing results from rank 0: 
	Scatter time:	325.2550 (ms) 
	Sobel time:	14.1180 (ms) 
	Gather time:	686.7170 (ms) 
 srun -n 25 ./mpi_2dmesh -i ../data/zebra-gray-int8-4x -x 7112 -y 5146 -g 1  
Hello world, I'm rank 1 of 25 total ranks running on <nid004411>
Hello world, I'm rank 5 of 25 total ranks running on <nid004411>
Hello world, I'm rank 3 of 25 total ranks running on <nid004411>
Hello world, I'm rank 4 of 25 total ranks running on <nid004411>
Hello world, I'm rank 2 of 25 total ranks running on <nid004411>
Hello world, I'm rank 6 of 25 total ranks running on <nid004411>
Hello world, I'm rank 20 of 25 total ranks running on <nid006700>
Hello world, I'm rank 16 of 25 total ranks running on <nid005306>
Hello world, I'm rank 22 of 25 total ranks running on <nid006700>
Hello world, I'm rank 23 of 25 total ranks running on <nid006700>
Hello world, I'm rank 14 of 25 total ranks running on <nid005306>
Hello world, I'm rank 21 of 25 total ranks running on <nid006700>
Hello world, I'm rank 19 of 25 total ranks running on <nid006700>
Hello world, I'm rank 15 of 25 total ranks running on <nid005306>
Hello world, I'm rank 9 of 25 total ranks running on <nid004786>
Hello world, I'm rank 18 of 25 total ranks running on <nid005306>
Hello world, I'm rank 10 of 25 total ranks running on <nid004786>
Hello world, I'm rank 13 of 25 total ranks running on <nid005306>
Hello world, I'm rank 24 of 25 total ranks running on <nid006700>
Hello world, I'm rank 17 of 25 total ranks running on <nid005306>
Hello world, I'm rank 8 of 25 total ranks running on <nid004786>
Hello world, I'm rank 11 of 25 total ranks running on <nid004786>
Hello world, I'm rank 12 of 25 total ranks running on <nid004786>
Hello world, I'm rank 7 of 25 total ranks running on <nid004786>
Hello world, I'm rank 0 of 25 total ranks running on <nid004411>


Timing results from rank 0: 
	Scatter time:	111.3568 (ms) 
	Sobel time:	10.6590 (ms) 
	Gather time:	107.3532 (ms) 
 srun -n 25 ./mpi_2dmesh -i ../data/zebra-gray-int8-4x -x 7112 -y 5146 -g 2  
Hello world, I'm rank 6 of 25 total ranks running on <nid004411>
Hello world, I'm rank 5 of 25 total ranks running on <nid004411>
Hello world, I'm rank 4 of 25 total ranks running on <nid004411>
Hello world, I'm rank 2 of 25 total ranks running on <nid004411>
Hello world, I'm rank 3 of 25 total ranks running on <nid004411>
Hello world, I'm rank 1 of 25 total ranks running on <nid004411>
Hello world, I'm rank 15 of 25 total ranks running on <nid005306>
Hello world, I'm rank 14 of 25 total ranks running on <nid005306>
Hello world, I'm rank 8 of 25 total ranks running on <nid004786>
Hello world, I'm rank 17 of 25 total ranks running on <nid005306>
Hello world, I'm rank 18 of 25 total ranks running on <nid005306>
Hello world, I'm rank 16 of 25 total ranks running on <nid005306>
Hello world, I'm rank 13 of 25 total ranks running on <nid005306>
Hello world, I'm rank 12 of 25 total ranks running on <nid004786>
Hello world, I'm rank 20 of 25 total ranks running on <nid006700>
Hello world, I'm rank 21 of 25 total ranks running on <nid006700>
Hello world, I'm rank 22 of 25 total ranks running on <nid006700>
Hello world, I'm rank 10 of 25 total ranks running on <nid004786>
Hello world, I'm rank 23 of 25 total ranks running on <nid006700>
Hello world, I'm rank 11 of 25 total ranks running on <nid004786>
Hello world, I'm rank 9 of 25 total ranks running on <nid004786>
Hello world, I'm rank 19 of 25 total ranks running on <nid006700>
Hello world, I'm rank 7 of 25 total ranks running on <nid004786>
Hello world, I'm rank 24 of 25 total ranks running on <nid006700>
Hello world, I'm rank 0 of 25 total ranks running on <nid004411>


Timing results from rank 0: 
	Scatter time:	1128.4860 (ms) 
	Sobel time:	13.7181 (ms) 
	Gather time:	15758.5692 (ms) 
 srun -n 25 ./mpi_2dmesh -i ../data/zebra-gray-int8-4x -x 7112 -y 5146 -g 3  
Hello world, I'm rank 1 of 25 total ranks running on <nid004411>
Hello world, I'm rank 3 of 25 total ranks running on <nid004411>
Hello world, I'm rank 2 of 25 total ranks running on <nid004411>
Hello world, I'm rank 5 of 25 total ranks running on <nid004411>
Hello world, I'm rank 6 of 25 total ranks running on <nid004411>
Hello world, I'm rank 4 of 25 total ranks running on <nid004411>
Hello world, I'm rank 9 of 25 total ranks running on <nid004786>
Hello world, I'm rank 16 of 25 total ranks running on <nid005306>
Hello world, I'm rank 10 of 25 total ranks running on <nid004786>
Hello world, I'm rank 11 of 25 total ranks running on <nid004786>
Hello world, I'm rank 21 of 25 total ranks running on <nid006700>
Hello world, I'm rank 14 of 25 total ranks running on <nid005306>
Hello world, I'm rank 18 of 25 total ranks running on <nid005306>
Hello world, I'm rank 15 of 25 total ranks running on <nid005306>
Hello world, I'm rank 24 of 25 total ranks running on <nid006700>
Hello world, I'm rank 17 of 25 total ranks running on <nid005306>
Hello world, I'm rank 8 of 25 total ranks running on <nid004786>
Hello world, I'm rank 19 of 25 total ranks running on <nid006700>
Hello world, I'm rank 22 of 25 total ranks running on <nid006700>
Hello world, I'm rank 7 of 25 total ranks running on <nid004786>
Hello world, I'm rank 13 of 25 total ranks running on <nid005306>
Hello world, I'm rank 23 of 25 total ranks running on <nid006700>
Hello world, I'm rank 12 of 25 total ranks running on <nid004786>
Hello world, I'm rank 20 of 25 total ranks running on <nid006700>
Hello world, I'm rank 0 of 25 total ranks running on <nid004411>


Timing results from rank 0: 
	Scatter time:	384.8690 (ms) 
	Sobel time:	9.5055 (ms) 
	Gather time:	937.9490 (ms) 
 srun -n 36 ./mpi_2dmesh -i ../data/zebra-gray-int8-4x -x 7112 -y 5146 -g 1  
Hello world, I'm rank 3 of 36 total ranks running on <nid004411>
Hello world, I'm rank 2 of 36 total ranks running on <nid004411>
Hello world, I'm rank 8 of 36 total ranks running on <nid004411>
Hello world, I'm rank 6 of 36 total ranks running on <nid004411>
Hello world, I'm rank 4 of 36 total ranks running on <nid004411>
Hello world, I'm rank 5 of 36 total ranks running on <nid004411>
Hello world, I'm rank 7 of 36 total ranks running on <nid004411>
Hello world, I'm rank 1 of 36 total ranks running on <nid004411>
Hello world, I'm rank 29 of 36 total ranks running on <nid006700>
Hello world, I'm rank 12 of 36 total ranks running on <nid004786>
Hello world, I'm rank 11 of 36 total ranks running on <nid004786>
Hello world, I'm rank 25 of 36 total ranks running on <nid005306>
Hello world, I'm rank 19 of 36 total ranks running on <nid005306>
Hello world, I'm rank 30 of 36 total ranks running on <nid006700>
Hello world, I'm rank 34 of 36 total ranks running on <nid006700>
Hello world, I'm rank 31 of 36 total ranks running on <nid006700>
Hello world, I'm rank 17 of 36 total ranks running on <nid004786>
Hello world, I'm rank 14 of 36 total ranks running on <nid004786>
Hello world, I'm rank 21 of 36 total ranks running on <nid005306>
Hello world, I'm rank 15 of 36 total ranks running on <nid004786>
Hello world, I'm rank 16 of 36 total ranks running on <nid004786>
Hello world, I'm rank 27 of 36 total ranks running on <nid006700>
Hello world, I'm rank 13 of 36 total ranks running on <nid004786>
Hello world, I'm rank 33 of 36 total ranks running on <nid006700>
Hello world, I'm rank 10 of 36 total ranks running on <nid004786>
Hello world, I'm rank 22 of 36 total ranks running on <nid005306>
Hello world, I'm rank 20 of 36 total ranks running on <nid005306>
Hello world, I'm rank 23 of 36 total ranks running on <nid005306>
Hello world, I'm rank 24 of 36 total ranks running on <nid005306>
Hello world, I'm rank 32 of 36 total ranks running on <nid006700>
Hello world, I'm rank 18 of 36 total ranks running on <nid005306>
Hello world, I'm rank 35 of 36 total ranks running on <nid006700>
Hello world, I'm rank 9 of 36 total ranks running on <nid004786>
Hello world, I'm rank 28 of 36 total ranks running on <nid006700>
Hello world, I'm rank 26 of 36 total ranks running on <nid005306>
Hello world, I'm rank 0 of 36 total ranks running on <nid004411>


Timing results from rank 0: 
	Scatter time:	115.6182 (ms) 
	Sobel time:	8.7180 (ms) 
	Gather time:	110.9614 (ms) 
 srun -n 36 ./mpi_2dmesh -i ../data/zebra-gray-int8-4x -x 7112 -y 5146 -g 2  
Hello world, I'm rank 6 of 36 total ranks running on <nid004411>
Hello world, I'm rank 8 of 36 total ranks running on <nid004411>
Hello world, I'm rank 5 of 36 total ranks running on <nid004411>
Hello world, I'm rank 2 of 36 total ranks running on <nid004411>
Hello world, I'm rank 1 of 36 total ranks running on <nid004411>
Hello world, I'm rank 4 of 36 total ranks running on <nid004411>
Hello world, I'm rank 7 of 36 total ranks running on <nid004411>
Hello world, I'm rank 3 of 36 total ranks running on <nid004411>
Hello world, I'm rank 12 of 36 total ranks running on <nid004786>
Hello world, I'm rank 32 of 36 total ranks running on <nid006700>
Hello world, I'm rank 16 of 36 total ranks running on <nid004786>
Hello world, I'm rank 34 of 36 total ranks running on <nid006700>
Hello world, I'm rank 28 of 36 total ranks running on <nid006700>
Hello world, I'm rank 20 of 36 total ranks running on <nid005306>
Hello world, I'm rank 33 of 36 total ranks running on <nid006700>
Hello world, I'm rank 29 of 36 total ranks running on <nid006700>
Hello world, I'm rank 15 of 36 total ranks running on <nid004786>
Hello world, I'm rank 11 of 36 total ranks running on <nid004786>
Hello world, I'm rank 19 of 36 total ranks running on <nid005306>
Hello world, I'm rank 27 of 36 total ranks running on <nid006700>
Hello world, I'm rank 31 of 36 total ranks running on <nid006700>
Hello world, I'm rank 35 of 36 total ranks running on <nid006700>
Hello world, I'm rank 17 of 36 total ranks running on <nid004786>
Hello world, I'm rank 14 of 36 total ranks running on <nid004786>
Hello world, I'm rank 13 of 36 total ranks running on <nid004786>
Hello world, I'm rank 10 of 36 total ranks running on <nid004786>
Hello world, I'm rank 26 of 36 total ranks running on <nid005306>
Hello world, I'm rank 25 of 36 total ranks running on <nid005306>
Hello world, I'm rank 30 of 36 total ranks running on <nid006700>
Hello world, I'm rank 23 of 36 total ranks running on <nid005306>
Hello world, I'm rank 21 of 36 total ranks running on <nid005306>
Hello world, I'm rank 18 of 36 total ranks running on <nid005306>
Hello world, I'm rank 24 of 36 total ranks running on <nid005306>
Hello world, I'm rank 9 of 36 total ranks running on <nid004786>
Hello world, I'm rank 22 of 36 total ranks running on <nid005306>
Hello world, I'm rank 0 of 36 total ranks running on <nid004411>


Timing results from rank 0: 
	Scatter time:	1450.1334 (ms) 
	Sobel time:	8.0714 (ms) 
	Gather time:	34956.1625 (ms) 
 srun -n 36 ./mpi_2dmesh -i ../data/zebra-gray-int8-4x -x 7112 -y 5146 -g 3  
Hello world, I'm rank 1 of 36 total ranks running on <nid004411>
Hello world, I'm rank 3 of 36 total ranks running on <nid004411>
Hello world, I'm rank 4 of 36 total ranks running on <nid004411>
Hello world, I'm rank 7 of 36 total ranks running on <nid004411>
Hello world, I'm rank 8 of 36 total ranks running on <nid004411>
Hello world, I'm rank 2 of 36 total ranks running on <nid004411>
Hello world, I'm rank 6 of 36 total ranks running on <nid004411>
Hello world, I'm rank 5 of 36 total ranks running on <nid004411>
Hello world, I'm rank 15 of 36 total ranks running on <nid004786>
Hello world, I'm rank 13 of 36 total ranks running on <nid004786>
Hello world, I'm rank 25 of 36 total ranks running on <nid005306>
Hello world, I'm rank 28 of 36 total ranks running on <nid006700>
Hello world, I'm rank 14 of 36 total ranks running on <nid004786>
Hello world, I'm rank 10 of 36 total ranks running on <nid004786>
Hello world, I'm rank 16 of 36 total ranks running on <nid004786>
Hello world, I'm rank 17 of 36 total ranks running on <nid004786>
Hello world, I'm rank 33 of 36 total ranks running on <nid006700>
Hello world, I'm rank 29 of 36 total ranks running on <nid006700>
Hello world, I'm rank 12 of 36 total ranks running on <nid004786>
Hello world, I'm rank 20 of 36 total ranks running on <nid005306>
Hello world, I'm rank 9 of 36 total ranks running on <nid004786>
Hello world, I'm rank 26 of 36 total ranks running on <nid005306>
Hello world, I'm rank 21 of 36 total ranks running on <nid005306>
Hello world, I'm rank 31 of 36 total ranks running on <nid006700>
Hello world, I'm rank 34 of 36 total ranks running on <nid006700>
Hello world, I'm rank 32 of 36 total ranks running on <nid006700>
Hello world, I'm rank 11 of 36 total ranks running on <nid004786>
Hello world, I'm rank 35 of 36 total ranks running on <nid006700>
Hello world, I'm rank 27 of 36 total ranks running on <nid006700>
Hello world, I'm rank 19 of 36 total ranks running on <nid005306>
Hello world, I'm rank 22 of 36 total ranks running on <nid005306>
Hello world, I'm rank 23 of 36 total ranks running on <nid005306>
Hello world, I'm rank 24 of 36 total ranks running on <nid005306>
Hello world, I'm rank 18 of 36 total ranks running on <nid005306>
Hello world, I'm rank 30 of 36 total ranks running on <nid006700>
Hello world, I'm rank 0 of 36 total ranks running on <nid004411>


Timing results from rank 0: 
	Scatter time:	476.9107 (ms) 
	Sobel time:	12.7194 (ms) 
	Gather time:	1376.5048 (ms) 
 srun -n 49 ./mpi_2dmesh -i ../data/zebra-gray-int8-4x -x 7112 -y 5146 -g 1  
Hello world, I'm rank 1 of 49 total ranks running on <nid004411>
Hello world, I'm rank 7 of 49 total ranks running on <nid004411>
Hello world, I'm rank 2 of 49 total ranks running on <nid004411>
Hello world, I'm rank 6 of 49 total ranks running on <nid004411>
Hello world, I'm rank 3 of 49 total ranks running on <nid004411>
Hello world, I'm rank 11 of 49 total ranks running on <nid004411>
Hello world, I'm rank 8 of 49 total ranks running on <nid004411>
Hello world, I'm rank 9 of 49 total ranks running on <nid004411>
Hello world, I'm rank 5 of 49 total ranks running on <nid004411>
Hello world, I'm rank 10 of 49 total ranks running on <nid004411>
Hello world, I'm rank 12 of 49 total ranks running on <nid004411>
Hello world, I'm rank 4 of 49 total ranks running on <nid004411>
Hello world, I'm rank 14 of 49 total ranks running on <nid004786>
Hello world, I'm rank 19 of 49 total ranks running on <nid004786>
Hello world, I'm rank 39 of 49 total ranks running on <nid006700>
Hello world, I'm rank 27 of 49 total ranks running on <nid005306>
Hello world, I'm rank 17 of 49 total ranks running on <nid004786>
Hello world, I'm rank 46 of 49 total ranks running on <nid006700>
Hello world, I'm rank 43 of 49 total ranks running on <nid006700>
Hello world, I'm rank 29 of 49 total ranks running on <nid005306>
Hello world, I'm rank 18 of 49 total ranks running on <nid004786>
Hello world, I'm rank 23 of 49 total ranks running on <nid004786>
Hello world, I'm rank 15 of 49 total ranks running on <nid004786>
Hello world, I'm rank 33 of 49 total ranks running on <nid005306>
Hello world, I'm rank 21 of 49 total ranks running on <nid004786>
Hello world, I'm rank 30 of 49 total ranks running on <nid005306>
Hello world, I'm rank 22 of 49 total ranks running on <nid004786>
Hello world, I'm rank 44 of 49 total ranks running on <nid006700>
Hello world, I'm rank 16 of 49 total ranks running on <nid004786>
Hello world, I'm rank 20 of 49 total ranks running on <nid004786>
Hello world, I'm rank 24 of 49 total ranks running on <nid004786>
Hello world, I'm rank 26 of 49 total ranks running on <nid005306>
Hello world, I'm rank 28 of 49 total ranks running on <nid005306>
Hello world, I'm rank 38 of 49 total ranks running on <nid006700>
Hello world, I'm rank 45 of 49 total ranks running on <nid006700>
Hello world, I'm rank 31 of 49 total ranks running on <nid005306>
Hello world, I'm rank 36 of 49 total ranks running on <nid005306>
Hello world, I'm rank 47 of 49 total ranks running on <nid006700>
Hello world, I'm rank 48 of 49 total ranks running on <nid006700>
Hello world, I'm rank 34 of 49 total ranks running on <nid005306>
Hello world, I'm rank 35 of 49 total ranks running on <nid005306>
Hello world, I'm rank 41 of 49 total ranks running on <nid006700>
Hello world, I'm rank 42 of 49 total ranks running on <nid006700>
Hello world, I'm rank 25 of 49 total ranks running on <nid005306>
Hello world, I'm rank 37 of 49 total ranks running on <nid006700>
Hello world, I'm rank 13 of 49 total ranks running on <nid004786>
Hello world, I'm rank 32 of 49 total ranks running on <nid005306>
Hello world, I'm rank 40 of 49 total ranks running on <nid006700>
Hello world, I'm rank 0 of 49 total ranks running on <nid004411>


Timing results from rank 0: 
	Scatter time:	115.0575 (ms) 
	Sobel time:	4.8687 (ms) 
	Gather time:	111.0073 (ms) 
 srun -n 49 ./mpi_2dmesh -i ../data/zebra-gray-int8-4x -x 7112 -y 5146 -g 2  
Hello world, I'm rank 5 of 49 total ranks running on <nid004411>
Hello world, I'm rank 7 of 49 total ranks running on <nid004411>
Hello world, I'm rank 3 of 49 total ranks running on <nid004411>
Hello world, I'm rank 1 of 49 total ranks running on <nid004411>
Hello world, I'm rank 6 of 49 total ranks running on <nid004411>
Hello world, I'm rank 12 of 49 total ranks running on <nid004411>
Hello world, I'm rank 9 of 49 total ranks running on <nid004411>
Hello world, I'm rank 11 of 49 total ranks running on <nid004411>
Hello world, I'm rank 10 of 49 total ranks running on <nid004411>
Hello world, I'm rank 8 of 49 total ranks running on <nid004411>
Hello world, I'm rank 2 of 49 total ranks running on <nid004411>
Hello world, I'm rank 4 of 49 total ranks running on <nid004411>
Hello world, I'm rank 41 of 49 total ranks running on <nid006700>
Hello world, I'm rank 29 of 49 total ranks running on <nid005306>
Hello world, I'm rank 39 of 49 total ranks running on <nid006700>
Hello world, I'm rank 33 of 49 total ranks running on <nid005306>
Hello world, I'm rank 21 of 49 total ranks running on <nid004786>
Hello world, I'm rank 20 of 49 total ranks running on <nid004786>
Hello world, I'm rank 18 of 49 total ranks running on <nid004786>
Hello world, I'm rank 38 of 49 total ranks running on <nid006700>
Hello world, I'm rank 47 of 49 total ranks running on <nid006700>
Hello world, I'm rank 14 of 49 total ranks running on <nid004786>
Hello world, I'm rank 43 of 49 total ranks running on <nid006700>
Hello world, I'm rank 35 of 49 total ranks running on <nid005306>
Hello world, I'm rank 15 of 49 total ranks running on <nid004786>
Hello world, I'm rank 17 of 49 total ranks running on <nid004786>
Hello world, I'm rank 30 of 49 total ranks running on <nid005306>
Hello world, I'm rank 16 of 49 total ranks running on <nid004786>
Hello world, I'm rank 37 of 49 total ranks running on <nid006700>
Hello world, I'm rank 31 of 49 total ranks running on <nid005306>
Hello world, I'm rank 36 of 49 total ranks running on <nid005306>
Hello world, I'm rank 23 of 49 total ranks running on <nid004786>
Hello world, I'm rank 45 of 49 total ranks running on <nid006700>
Hello world, I'm rank 26 of 49 total ranks running on <nid005306>
Hello world, I'm rank 19 of 49 total ranks running on <nid004786>
Hello world, I'm rank 22 of 49 total ranks running on <nid004786>
Hello world, I'm rank 42 of 49 total ranks running on <nid006700>
Hello world, I'm rank 44 of 49 total ranks running on <nid006700>
Hello world, I'm rank 48 of 49 total ranks running on <nid006700>
Hello world, I'm rank 40 of 49 total ranks running on <nid006700>
Hello world, I'm rank 28 of 49 total ranks running on <nid005306>
Hello world, I'm rank 13 of 49 total ranks running on <nid004786>
Hello world, I'm rank 32 of 49 total ranks running on <nid005306>
Hello world, I'm rank 34 of 49 total ranks running on <nid005306>
Hello world, I'm rank 27 of 49 total ranks running on <nid005306>
Hello world, I'm rank 46 of 49 total ranks running on <nid006700>
Hello world, I'm rank 24 of 49 total ranks running on <nid004786>
Hello world, I'm rank 25 of 49 total ranks running on <nid005306>
Hello world, I'm rank 0 of 49 total ranks running on <nid004411>


Timing results from rank 0: 
	Scatter time:	1784.0350 (ms) 
	Sobel time:	8.1249 (ms) 
	Gather time:	63163.6611 (ms) 
 srun -n 49 ./mpi_2dmesh -i ../data/zebra-gray-int8-4x -x 7112 -y 5146 -g 3  
Hello world, I'm rank 2 of 49 total ranks running on <nid004411>
Hello world, I'm rank 11 of 49 total ranks running on <nid004411>
Hello world, I'm rank 5 of 49 total ranks running on <nid004411>
Hello world, I'm rank 1 of 49 total ranks running on <nid004411>
Hello world, I'm rank 8 of 49 total ranks running on <nid004411>
Hello world, I'm rank 6 of 49 total ranks running on <nid004411>
Hello world, I'm rank 9 of 49 total ranks running on <nid004411>
Hello world, I'm rank 10 of 49 total ranks running on <nid004411>
Hello world, I'm rank 12 of 49 total ranks running on <nid004411>
Hello world, I'm rank 3 of 49 total ranks running on <nid004411>
Hello world, I'm rank 7 of 49 total ranks running on <nid004411>
Hello world, I'm rank 4 of 49 total ranks running on <nid004411>
Hello world, I'm rank 27 of 49 total ranks running on <nid005306>
Hello world, I'm rank 21 of 49 total ranks running on <nid004786>
Hello world, I'm rank 24 of 49 total ranks running on <nid004786>
Hello world, I'm rank 41 of 49 total ranks running on <nid006700>
Hello world, I'm rank 33 of 49 total ranks running on <nid005306>
Hello world, I'm rank 31 of 49 total ranks running on <nid005306>
Hello world, I'm rank 28 of 49 total ranks running on <nid005306>
Hello world, I'm rank 17 of 49 total ranks running on <nid004786>
Hello world, I'm rank 39 of 49 total ranks running on <nid006700>
Hello world, I'm rank 23 of 49 total ranks running on <nid004786>
Hello world, I'm rank 45 of 49 total ranks running on <nid006700>
Hello world, I'm rank 19 of 49 total ranks running on <nid004786>
Hello world, I'm rank 14 of 49 total ranks running on <nid004786>
Hello world, I'm rank 25 of 49 total ranks running on <nid005306>
Hello world, I'm rank 30 of 49 total ranks running on <nid005306>
Hello world, I'm rank 36 of 49 total ranks running on <nid005306>
Hello world, I'm rank 46 of 49 total ranks running on <nid006700>
Hello world, I'm rank 16 of 49 total ranks running on <nid004786>
Hello world, I'm rank 18 of 49 total ranks running on <nid004786>
Hello world, I'm rank 26 of 49 total ranks running on <nid005306>
Hello world, I'm rank 34 of 49 total ranks running on <nid005306>
Hello world, I'm rank 29 of 49 total ranks running on <nid005306>
Hello world, I'm rank 32 of 49 total ranks running on <nid005306>
Hello world, I'm rank 13 of 49 total ranks running on <nid004786>
Hello world, I'm rank 20 of 49 total ranks running on <nid004786>
Hello world, I'm rank 42 of 49 total ranks running on <nid006700>
Hello world, I'm rank 38 of 49 total ranks running on <nid006700>
Hello world, I'm rank 43 of 49 total ranks running on <nid006700>
Hello world, I'm rank 44 of 49 total ranks running on <nid006700>
Hello world, I'm rank 37 of 49 total ranks running on <nid006700>
Hello world, I'm rank 15 of 49 total ranks running on <nid004786>
Hello world, I'm rank 47 of 49 total ranks running on <nid006700>
Hello world, I'm rank 40 of 49 total ranks running on <nid006700>
Hello world, I'm rank 35 of 49 total ranks running on <nid005306>
Hello world, I'm rank 22 of 49 total ranks running on <nid004786>
Hello world, I'm rank 48 of 49 total ranks running on <nid006700>
Hello world, I'm rank 0 of 49 total ranks running on <nid004411>


Timing results from rank 0: 
	Scatter time:	540.6003 (ms) 
	Sobel time:	4.9244 (ms) 
	Gather time:	1730.0151 (ms) 
 srun -n 64 ./mpi_2dmesh -i ../data/zebra-gray-int8-4x -x 7112 -y 5146 -g 1  
Hello world, I'm rank 4 of 64 total ranks running on <nid004411>
Hello world, I'm rank 3 of 64 total ranks running on <nid004411>
Hello world, I'm rank 9 of 64 total ranks running on <nid004411>
Hello world, I'm rank 5 of 64 total ranks running on <nid004411>
Hello world, I'm rank 2 of 64 total ranks running on <nid004411>
Hello world, I'm rank 8 of 64 total ranks running on <nid004411>
Hello world, I'm rank 6 of 64 total ranks running on <nid004411>
Hello world, I'm rank 12 of 64 total ranks running on <nid004411>
Hello world, I'm rank 15 of 64 total ranks running on <nid004411>
Hello world, I'm rank 7 of 64 total ranks running on <nid004411>
Hello world, I'm rank 10 of 64 total ranks running on <nid004411>
Hello world, I'm rank 14 of 64 total ranks running on <nid004411>
Hello world, I'm rank 11 of 64 total ranks running on <nid004411>
Hello world, I'm rank 13 of 64 total ranks running on <nid004411>
Hello world, I'm rank 1 of 64 total ranks running on <nid004411>
Hello world, I'm rank 22 of 64 total ranks running on <nid004786>
Hello world, I'm rank 17 of 64 total ranks running on <nid004786>
Hello world, I'm rank 54 of 64 total ranks running on <nid006700>
Hello world, I'm rank 56 of 64 total ranks running on <nid006700>
Hello world, I'm rank 29 of 64 total ranks running on <nid004786>
Hello world, I'm rank 38 of 64 total ranks running on <nid005306>
Hello world, I'm rank 57 of 64 total ranks running on <nid006700>
Hello world, I'm rank 24 of 64 total ranks running on <nid004786>
Hello world, I'm rank 34 of 64 total ranks running on <nid005306>
Hello world, I'm rank 45 of 64 total ranks running on <nid005306>
Hello world, I'm rank 31 of 64 total ranks running on <nid004786>
Hello world, I'm rank 49 of 64 total ranks running on <nid006700>
Hello world, I'm rank 39 of 64 total ranks running on <nid005306>
Hello world, I'm rank 59 of 64 total ranks running on <nid006700>
Hello world, I'm rank 35 of 64 total ranks running on <nid005306>
Hello world, I'm rank 46 of 64 total ranks running on <nid005306>
Hello world, I'm rank 30 of 64 total ranks running on <nid004786>
Hello world, I'm rank 47 of 64 total ranks running on <nid005306>
Hello world, I'm rank 25 of 64 total ranks running on <nid004786>
Hello world, I'm rank 44 of 64 total ranks running on <nid005306>
Hello world, I'm rank 53 of 64 total ranks running on <nid006700>
Hello world, I'm rank 55 of 64 total ranks running on <nid006700>
Hello world, I'm rank 28 of 64 total ranks running on <nid004786>
Hello world, I'm rank 23 of 64 total ranks running on <nid004786>
Hello world, I'm rank 27 of 64 total ranks running on <nid004786>
Hello world, I'm rank 52 of 64 total ranks running on <nid006700>
Hello world, I'm rank 50 of 64 total ranks running on <nid006700>
Hello world, I'm rank 26 of 64 total ranks running on <nid004786>
Hello world, I'm rank 36 of 64 total ranks running on <nid005306>
Hello world, I'm rank 58 of 64 total ranks running on <nid006700>
Hello world, I'm rank 18 of 64 total ranks running on <nid004786>
Hello world, I'm rank 37 of 64 total ranks running on <nid005306>
Hello world, I'm rank 21 of 64 total ranks running on <nid004786>
Hello world, I'm rank 42 of 64 total ranks running on <nid005306>
Hello world, I'm rank 19 of 64 total ranks running on <nid004786>
Hello world, I'm rank 33 of 64 total ranks running on <nid005306>
Hello world, I'm rank 20 of 64 total ranks running on <nid004786>
Hello world, I'm rank 62 of 64 total ranks running on <nid006700>
Hello world, I'm rank 41 of 64 total ranks running on <nid005306>
Hello world, I'm rank 43 of 64 total ranks running on <nid005306>
Hello world, I'm rank 40 of 64 total ranks running on <nid005306>
Hello world, I'm rank 51 of 64 total ranks running on <nid006700>
Hello world, I'm rank 61 of 64 total ranks running on <nid006700>
Hello world, I'm rank 60 of 64 total ranks running on <nid006700>
Hello world, I'm rank 48 of 64 total ranks running on <nid006700>
Hello world, I'm rank 16 of 64 total ranks running on <nid004786>
Hello world, I'm rank 32 of 64 total ranks running on <nid005306>
Hello world, I'm rank 63 of 64 total ranks running on <nid006700>
Hello world, I'm rank 0 of 64 total ranks running on <nid004411>


Timing results from rank 0: 
	Scatter time:	116.4970 (ms) 
	Sobel time:	5.1671 (ms) 
	Gather time:	114.3114 (ms) 
 srun -n 64 ./mpi_2dmesh -i ../data/zebra-gray-int8-4x -x 7112 -y 5146 -g 2  
Hello world, I'm rank 3 of 64 total ranks running on <nid004411>
Hello world, I'm rank 8 of 64 total ranks running on <nid004411>
Hello world, I'm rank 9 of 64 total ranks running on <nid004411>
Hello world, I'm rank 2 of 64 total ranks running on <nid004411>
Hello world, I'm rank 5 of 64 total ranks running on <nid004411>
Hello world, I'm rank 7 of 64 total ranks running on <nid004411>
Hello world, I'm rank 6 of 64 total ranks running on <nid004411>
Hello world, I'm rank 4 of 64 total ranks running on <nid004411>
Hello world, I'm rank 13 of 64 total ranks running on <nid004411>
Hello world, I'm rank 1 of 64 total ranks running on <nid004411>
Hello world, I'm rank 12 of 64 total ranks running on <nid004411>
Hello world, I'm rank 15 of 64 total ranks running on <nid004411>
Hello world, I'm rank 11 of 64 total ranks running on <nid004411>
Hello world, I'm rank 10 of 64 total ranks running on <nid004411>
Hello world, I'm rank 14 of 64 total ranks running on <nid004411>
Hello world, I'm rank 56 of 64 total ranks running on <nid006700>
Hello world, I'm rank 55 of 64 total ranks running on <nid006700>
Hello world, I'm rank 20 of 64 total ranks running on <nid004786>
Hello world, I'm rank 22 of 64 total ranks running on <nid004786>
Hello world, I'm rank 46 of 64 total ranks running on <nid005306>
Hello world, I'm rank 57 of 64 total ranks running on <nid006700>
Hello world, I'm rank 58 of 64 total ranks running on <nid006700>
Hello world, I'm rank 62 of 64 total ranks running on <nid006700>
Hello world, I'm rank 39 of 64 total ranks running on <nid005306>
Hello world, I'm rank 38 of 64 total ranks running on <nid005306>
Hello world, I'm rank 21 of 64 total ranks running on <nid004786>
Hello world, I'm rank 59 of 64 total ranks running on <nid006700>
Hello world, I'm rank 54 of 64 total ranks running on <nid006700>
Hello world, I'm rank 61 of 64 total ranks running on <nid006700>
Hello world, I'm rank 42 of 64 total ranks running on <nid005306>
Hello world, I'm rank 36 of 64 total ranks running on <nid005306>
Hello world, I'm rank 33 of 64 total ranks running on <nid005306>
Hello world, I'm rank 19 of 64 total ranks running on <nid004786>
Hello world, I'm rank 28 of 64 total ranks running on <nid004786>
Hello world, I'm rank 52 of 64 total ranks running on <nid006700>
Hello world, I'm rank 53 of 64 total ranks running on <nid006700>
Hello world, I'm rank 60 of 64 total ranks running on <nid006700>
Hello world, I'm rank 50 of 64 total ranks running on <nid006700>
Hello world, I'm rank 49 of 64 total ranks running on <nid006700>
Hello world, I'm rank 51 of 64 total ranks running on <nid006700>
Hello world, I'm rank 37 of 64 total ranks running on <nid005306>
Hello world, I'm rank 18 of 64 total ranks running on <nid004786>
Hello world, I'm rank 63 of 64 total ranks running on <nid006700>
Hello world, I'm rank 23 of 64 total ranks running on <nid004786>
Hello world, I'm rank 34 of 64 total ranks running on <nid005306>
Hello world, I'm rank 35 of 64 total ranks running on <nid005306>
Hello world, I'm rank 32 of 64 total ranks running on <nid005306>
Hello world, I'm rank 41 of 64 total ranks running on <nid005306>
Hello world, I'm rank 43 of 64 total ranks running on <nid005306>
Hello world, I'm rank 24 of 64 total ranks running on <nid004786>
Hello world, I'm rank 29 of 64 total ranks running on <nid004786>
Hello world, I'm rank 31 of 64 total ranks running on <nid004786>
Hello world, I'm rank 30 of 64 total ranks running on <nid004786>
Hello world, I'm rank 45 of 64 total ranks running on <nid005306>
Hello world, I'm rank 47 of 64 total ranks running on <nid005306>
Hello world, I'm rank 40 of 64 total ranks running on <nid005306>
Hello world, I'm rank 25 of 64 total ranks running on <nid004786>
Hello world, I'm rank 26 of 64 total ranks running on <nid004786>
Hello world, I'm rank 48 of 64 total ranks running on <nid006700>
Hello world, I'm rank 27 of 64 total ranks running on <nid004786>
Hello world, I'm rank 17 of 64 total ranks running on <nid004786>
Hello world, I'm rank 44 of 64 total ranks running on <nid005306>
Hello world, I'm rank 16 of 64 total ranks running on <nid004786>
Hello world, I'm rank 0 of 64 total ranks running on <nid004411>


Timing results from rank 0: 
	Scatter time:	2124.2389 (ms) 
	Sobel time:	5.0728 (ms) 
	Gather time:	117123.8943 (ms) 
 srun -n 64 ./mpi_2dmesh -i ../data/zebra-gray-int8-4x -x 7112 -y 5146 -g 3  
Hello world, I'm rank 15 of 64 total ranks running on <nid004411>
Hello world, I'm rank 11 of 64 total ranks running on <nid004411>
Hello world, I'm rank 14 of 64 total ranks running on <nid004411>
Hello world, I'm rank 10 of 64 total ranks running on <nid004411>
Hello world, I'm rank 12 of 64 total ranks running on <nid004411>
Hello world, I'm rank 13 of 64 total ranks running on <nid004411>
Hello world, I'm rank 7 of 64 total ranks running on <nid004411>
Hello world, I'm rank 4 of 64 total ranks running on <nid004411>
Hello world, I'm rank 9 of 64 total ranks running on <nid004411>
Hello world, I'm rank 5 of 64 total ranks running on <nid004411>
Hello world, I'm rank 8 of 64 total ranks running on <nid004411>
Hello world, I'm rank 1 of 64 total ranks running on <nid004411>
Hello world, I'm rank 3 of 64 total ranks running on <nid004411>
Hello world, I'm rank 2 of 64 total ranks running on <nid004411>
Hello world, I'm rank 6 of 64 total ranks running on <nid004411>
Hello world, I'm rank 29 of 64 total ranks running on <nid004786>
Hello world, I'm rank 28 of 64 total ranks running on <nid004786>
Hello world, I'm rank 30 of 64 total ranks running on <nid004786>
Hello world, I'm rank 40 of 64 total ranks running on <nid005306>
Hello world, I'm rank 31 of 64 total ranks running on <nid004786>
Hello world, I'm rank 44 of 64 total ranks running on <nid005306>
Hello world, I'm rank 21 of 64 total ranks running on <nid004786>
Hello world, I'm rank 34 of 64 total ranks running on <nid005306>
Hello world, I'm rank 20 of 64 total ranks running on <nid004786>
Hello world, I'm rank 55 of 64 total ranks running on <nid006700>
Hello world, I'm rank 51 of 64 total ranks running on <nid006700>
Hello world, I'm rank 54 of 64 total ranks running on <nid006700>
Hello world, I'm rank 22 of 64 total ranks running on <nid004786>
Hello world, I'm rank 38 of 64 total ranks running on <nid005306>
Hello world, I'm rank 39 of 64 total ranks running on <nid005306>
Hello world, I'm rank 50 of 64 total ranks running on <nid006700>
Hello world, I'm rank 24 of 64 total ranks running on <nid004786>
Hello world, I'm rank 35 of 64 total ranks running on <nid005306>
Hello world, I'm rank 45 of 64 total ranks running on <nid005306>
Hello world, I'm rank 23 of 64 total ranks running on <nid004786>
Hello world, I'm rank 25 of 64 total ranks running on <nid004786>
Hello world, I'm rank 17 of 64 total ranks running on <nid004786>
Hello world, I'm rank 33 of 64 total ranks running on <nid005306>
Hello world, I'm rank 27 of 64 total ranks running on <nid004786>
Hello world, I'm rank 26 of 64 total ranks running on <nid004786>
Hello world, I'm rank 18 of 64 total ranks running on <nid004786>
Hello world, I'm rank 19 of 64 total ranks running on <nid004786>
Hello world, I'm rank 41 of 64 total ranks running on <nid005306>
Hello world, I'm rank 48 of 64 total ranks running on <nid006700>
Hello world, I'm rank 49 of 64 total ranks running on <nid006700>
Hello world, I'm rank 52 of 64 total ranks running on <nid006700>
Hello world, I'm rank 53 of 64 total ranks running on <nid006700>
Hello world, I'm rank 46 of 64 total ranks running on <nid005306>
Hello world, I'm rank 32 of 64 total ranks running on <nid005306>
Hello world, I'm rank 60 of 64 total ranks running on <nid006700>
Hello world, I'm rank 36 of 64 total ranks running on <nid005306>
Hello world, I'm rank 42 of 64 total ranks running on <nid005306>
Hello world, I'm rank 47 of 64 total ranks running on <nid005306>
Hello world, I'm rank 37 of 64 total ranks running on <nid005306>
Hello world, I'm rank 57 of 64 total ranks running on <nid006700>
Hello world, I'm rank 58 of 64 total ranks running on <nid006700>
Hello world, I'm rank 63 of 64 total ranks running on <nid006700>
Hello world, I'm rank 59 of 64 total ranks running on <nid006700>
Hello world, I'm rank 62 of 64 total ranks running on <nid006700>
Hello world, I'm rank 56 of 64 total ranks running on <nid006700>
Hello world, I'm rank 16 of 64 total ranks running on <nid004786>
Hello world, I'm rank 43 of 64 total ranks running on <nid005306>
Hello world, I'm rank 61 of 64 total ranks running on <nid006700>
Hello world, I'm rank 0 of 64 total ranks running on <nid004411>


Timing results from rank 0: 
	Scatter time:	574.6628 (ms) 
	Sobel time:	3.8692 (ms) 
	Gather time:	2193.6820 (ms) 
 srun -n 81 ./mpi_2dmesh -i ../data/zebra-gray-int8-4x -x 7112 -y 5146 -g 1  
Hello world, I'm rank 16 of 81 total ranks running on <nid004411>
Hello world, I'm rank 2 of 81 total ranks running on <nid004411>
Hello world, I'm rank 14 of 81 total ranks running on <nid004411>
Hello world, I'm rank 18 of 81 total ranks running on <nid004411>
Hello world, I'm rank 1 of 81 total ranks running on <nid004411>
Hello world, I'm rank 3 of 81 total ranks running on <nid004411>
Hello world, I'm rank 15 of 81 total ranks running on <nid004411>
Hello world, I'm rank 4 of 81 total ranks running on <nid004411>
Hello world, I'm rank 11 of 81 total ranks running on <nid004411>
Hello world, I'm rank 12 of 81 total ranks running on <nid004411>
Hello world, I'm rank 13 of 81 total ranks running on <nid004411>
Hello world, I'm rank 10 of 81 total ranks running on <nid004411>
Hello world, I'm rank 20 of 81 total ranks running on <nid004411>
Hello world, I'm rank 9 of 81 total ranks running on <nid004411>
Hello world, I'm rank 6 of 81 total ranks running on <nid004411>
Hello world, I'm rank 5 of 81 total ranks running on <nid004411>
Hello world, I'm rank 8 of 81 total ranks running on <nid004411>
Hello world, I'm rank 19 of 81 total ranks running on <nid004411>
Hello world, I'm rank 17 of 81 total ranks running on <nid004411>
Hello world, I'm rank 7 of 81 total ranks running on <nid004411>
Hello world, I'm rank 30 of 81 total ranks running on <nid004786>
Hello world, I'm rank 62 of 81 total ranks running on <nid006700>
Hello world, I'm rank 45 of 81 total ranks running on <nid005306>
Hello world, I'm rank 43 of 81 total ranks running on <nid005306>
Hello world, I'm rank 27 of 81 total ranks running on <nid004786>
Hello world, I'm rank 74 of 81 total ranks running on <nid006700>
Hello world, I'm rank 71 of 81 total ranks running on <nid006700>
Hello world, I'm rank 22 of 81 total ranks running on <nid004786>
Hello world, I'm rank 50 of 81 total ranks running on <nid005306>
Hello world, I'm rank 59 of 81 total ranks running on <nid005306>
Hello world, I'm rank 67 of 81 total ranks running on <nid006700>
Hello world, I'm rank 46 of 81 total ranks running on <nid005306>
Hello world, I'm rank 69 of 81 total ranks running on <nid006700>
Hello world, I'm rank 76 of 81 total ranks running on <nid006700>
Hello world, I'm rank 31 of 81 total ranks running on <nid004786>
Hello world, I'm rank 39 of 81 total ranks running on <nid004786>
Hello world, I'm rank 36 of 81 total ranks running on <nid004786>
Hello world, I'm rank 44 of 81 total ranks running on <nid005306>
Hello world, I'm rank 25 of 81 total ranks running on <nid004786>
Hello world, I'm rank 26 of 81 total ranks running on <nid004786>
Hello world, I'm rank 65 of 81 total ranks running on <nid006700>
Hello world, I'm rank 75 of 81 total ranks running on <nid006700>
Hello world, I'm rank 52 of 81 total ranks running on <nid005306>
Hello world, I'm rank 58 of 81 total ranks running on <nid005306>
Hello world, I'm rank 64 of 81 total ranks running on <nid006700>
Hello world, I'm rank 73 of 81 total ranks running on <nid006700>
Hello world, I'm rank 54 of 81 total ranks running on <nid005306>
Hello world, I'm rank 79 of 81 total ranks running on <nid006700>
Hello world, I'm rank 38 of 81 total ranks running on <nid004786>
Hello world, I'm rank 53 of 81 total ranks running on <nid005306>
Hello world, I'm rank 29 of 81 total ranks running on <nid004786>
Hello world, I'm rank 70 of 81 total ranks running on <nid006700>
Hello world, I'm rank 24 of 81 total ranks running on <nid004786>
Hello world, I'm rank 78 of 81 total ranks running on <nid006700>
Hello world, I'm rank 28 of 81 total ranks running on <nid004786>
Hello world, I'm rank 32 of 81 total ranks running on <nid004786>
Hello world, I'm rank 60 of 81 total ranks running on <nid005306>
Hello world, I'm rank 33 of 81 total ranks running on <nid004786>
Hello world, I'm rank 66 of 81 total ranks running on <nid006700>
Hello world, I'm rank 35 of 81 total ranks running on <nid004786>
Hello world, I'm rank 72 of 81 total ranks running on <nid006700>
Hello world, I'm rank 23 of 81 total ranks running on <nid004786>
Hello world, I'm rank 63 of 81 total ranks running on <nid006700>
Hello world, I'm rank 37 of 81 total ranks running on <nid004786>
Hello world, I'm rank 48 of 81 total ranks running on <nid005306>
Hello world, I'm rank 34 of 81 total ranks running on <nid004786>
Hello world, I'm rank 42 of 81 total ranks running on <nid005306>
Hello world, I'm rank 51 of 81 total ranks running on <nid005306>
Hello world, I'm rank 21 of 81 total ranks running on <nid004786>
Hello world, I'm rank 77 of 81 total ranks running on <nid006700>
Hello world, I'm rank 61 of 81 total ranks running on <nid006700>
Hello world, I'm rank 80 of 81 total ranks running on <nid006700>
Hello world, I'm rank 49 of 81 total ranks running on <nid005306>
Hello world, I'm rank 55 of 81 total ranks running on <nid005306>
Hello world, I'm rank 47 of 81 total ranks running on <nid005306>
Hello world, I'm rank 57 of 81 total ranks running on <nid005306>
Hello world, I'm rank 56 of 81 total ranks running on <nid005306>
Hello world, I'm rank 40 of 81 total ranks running on <nid004786>
Hello world, I'm rank 68 of 81 total ranks running on <nid006700>
Hello world, I'm rank 41 of 81 total ranks running on <nid005306>
Hello world, I'm rank 0 of 81 total ranks running on <nid004411>


Timing results from rank 0: 
	Scatter time:	119.1021 (ms) 
	Sobel time:	5.1692 (ms) 
	Gather time:	116.4419 (ms) 
 srun -n 81 ./mpi_2dmesh -i ../data/zebra-gray-int8-4x -x 7112 -y 5146 -g 2  
Hello world, I'm rank 20 of 81 total ranks running on <nid004411>
Hello world, I'm rank 5 of 81 total ranks running on <nid004411>
Hello world, I'm rank 10 of 81 total ranks running on <nid004411>
Hello world, I'm rank 1 of 81 total ranks running on <nid004411>
Hello world, I'm rank 15 of 81 total ranks running on <nid004411>
Hello world, I'm rank 19 of 81 total ranks running on <nid004411>
Hello world, I'm rank 18 of 81 total ranks running on <nid004411>
Hello world, I'm rank 3 of 81 total ranks running on <nid004411>
Hello world, I'm rank 17 of 81 total ranks running on <nid004411>
Hello world, I'm rank 2 of 81 total ranks running on <nid004411>
Hello world, I'm rank 6 of 81 total ranks running on <nid004411>
Hello world, I'm rank 7 of 81 total ranks running on <nid004411>
Hello world, I'm rank 14 of 81 total ranks running on <nid004411>
Hello world, I'm rank 9 of 81 total ranks running on <nid004411>
Hello world, I'm rank 4 of 81 total ranks running on <nid004411>
Hello world, I'm rank 11 of 81 total ranks running on <nid004411>
Hello world, I'm rank 8 of 81 total ranks running on <nid004411>
Hello world, I'm rank 16 of 81 total ranks running on <nid004411>
Hello world, I'm rank 12 of 81 total ranks running on <nid004411>
Hello world, I'm rank 13 of 81 total ranks running on <nid004411>
Hello world, I'm rank 29 of 81 total ranks running on <nid004786>
Hello world, I'm rank 72 of 81 total ranks running on <nid006700>
Hello world, I'm rank 42 of 81 total ranks running on <nid005306>
Hello world, I'm rank 64 of 81 total ranks running on <nid006700>
Hello world, I'm rank 30 of 81 total ranks running on <nid004786>
Hello world, I'm rank 40 of 81 total ranks running on <nid004786>
Hello world, I'm rank 59 of 81 total ranks running on <nid005306>
Hello world, I'm rank 43 of 81 total ranks running on <nid005306>
Hello world, I'm rank 23 of 81 total ranks running on <nid004786>
Hello world, I'm rank 79 of 81 total ranks running on <nid006700>
Hello world, I'm rank 52 of 81 total ranks running on <nid005306>
Hello world, I'm rank 62 of 81 total ranks running on <nid006700>
Hello world, I'm rank 69 of 81 total ranks running on <nid006700>
Hello world, I'm rank 24 of 81 total ranks running on <nid004786>
Hello world, I'm rank 65 of 81 total ranks running on <nid006700>
Hello world, I'm rank 25 of 81 total ranks running on <nid004786>
Hello world, I'm rank 38 of 81 total ranks running on <nid004786>
Hello world, I'm rank 71 of 81 total ranks running on <nid006700>
Hello world, I'm rank 55 of 81 total ranks running on <nid005306>
Hello world, I'm rank 37 of 81 total ranks running on <nid004786>
Hello world, I'm rank 51 of 81 total ranks running on <nid005306>
Hello world, I'm rank 74 of 81 total ranks running on <nid006700>
Hello world, I'm rank 36 of 81 total ranks running on <nid004786>
Hello world, I'm rank 47 of 81 total ranks running on <nid005306>
Hello world, I'm rank 54 of 81 total ranks running on <nid005306>
Hello world, I'm rank 56 of 81 total ranks running on <nid005306>
Hello world, I'm rank 34 of 81 total ranks running on <nid004786>
Hello world, I'm rank 66 of 81 total ranks running on <nid006700>
Hello world, I'm rank 33 of 81 total ranks running on <nid004786>
Hello world, I'm rank 46 of 81 total ranks running on <nid005306>
Hello world, I'm rank 63 of 81 total ranks running on <nid006700>
Hello world, I'm rank 32 of 81 total ranks running on <nid004786>
Hello world, I'm rank 31 of 81 total ranks running on <nid004786>
Hello world, I'm rank 70 of 81 total ranks running on <nid006700>
Hello world, I'm rank 27 of 81 total ranks running on <nid004786>
Hello world, I'm rank 77 of 81 total ranks running on <nid006700>
Hello world, I'm rank 67 of 81 total ranks running on <nid006700>
Hello world, I'm rank 58 of 81 total ranks running on <nid005306>
Hello world, I'm rank 49 of 81 total ranks running on <nid005306>
Hello world, I'm rank 44 of 81 total ranks running on <nid005306>
Hello world, I'm rank 26 of 81 total ranks running on <nid004786>
Hello world, I'm rank 73 of 81 total ranks running on <nid006700>
Hello world, I'm rank 21 of 81 total ranks running on <nid004786>
Hello world, I'm rank 76 of 81 total ranks running on <nid006700>
Hello world, I'm rank 35 of 81 total ranks running on <nid004786>
Hello world, I'm rank 78 of 81 total ranks running on <nid006700>
Hello world, I'm rank 45 of 81 total ranks running on <nid005306>
Hello world, I'm rank 60 of 81 total ranks running on <nid005306>
Hello world, I'm rank 75 of 81 total ranks running on <nid006700>
Hello world, I'm rank 61 of 81 total ranks running on <nid006700>
Hello world, I'm rank 68 of 81 total ranks running on <nid006700>
Hello world, I'm rank 28 of 81 total ranks running on <nid004786>
Hello world, I'm rank 39 of 81 total ranks running on <nid004786>
Hello world, I'm rank 41 of 81 total ranks running on <nid005306>
Hello world, I'm rank 57 of 81 total ranks running on <nid005306>
Hello world, I'm rank 53 of 81 total ranks running on <nid005306>
Hello world, I'm rank 50 of 81 total ranks running on <nid005306>
Hello world, I'm rank 22 of 81 total ranks running on <nid004786>
Hello world, I'm rank 80 of 81 total ranks running on <nid006700>
Hello world, I'm rank 48 of 81 total ranks running on <nid005306>
Hello world, I'm rank 0 of 81 total ranks running on <nid004411>


Timing results from rank 0: 
	Scatter time:	2563.2482 (ms) 
	Sobel time:	9.9461 (ms) 
	Gather time:	205692.6371 (ms) 
 srun -n 81 ./mpi_2dmesh -i ../data/zebra-gray-int8-4x -x 7112 -y 5146 -g 3  
Hello world, I'm rank 20 of 81 total ranks running on <nid004411>
Hello world, I'm rank 9 of 81 total ranks running on <nid004411>
Hello world, I'm rank 17 of 81 total ranks running on <nid004411>
Hello world, I'm rank 2 of 81 total ranks running on <nid004411>
Hello world, I'm rank 13 of 81 total ranks running on <nid004411>
Hello world, I'm rank 15 of 81 total ranks running on <nid004411>
Hello world, I'm rank 5 of 81 total ranks running on <nid004411>
Hello world, I'm rank 6 of 81 total ranks running on <nid004411>
Hello world, I'm rank 4 of 81 total ranks running on <nid004411>
Hello world, I'm rank 16 of 81 total ranks running on <nid004411>
Hello world, I'm rank 14 of 81 total ranks running on <nid004411>
Hello world, I'm rank 1 of 81 total ranks running on <nid004411>
Hello world, I'm rank 18 of 81 total ranks running on <nid004411>
Hello world, I'm rank 10 of 81 total ranks running on <nid004411>
Hello world, I'm rank 19 of 81 total ranks running on <nid004411>
Hello world, I'm rank 3 of 81 total ranks running on <nid004411>
Hello world, I'm rank 7 of 81 total ranks running on <nid004411>
Hello world, I'm rank 11 of 81 total ranks running on <nid004411>
Hello world, I'm rank 12 of 81 total ranks running on <nid004411>
Hello world, I'm rank 8 of 81 total ranks running on <nid004411>
Hello world, I'm rank 45 of 81 total ranks running on <nid005306>
Hello world, I'm rank 29 of 81 total ranks running on <nid004786>
Hello world, I'm rank 32 of 81 total ranks running on <nid004786>
Hello world, I'm rank 64 of 81 total ranks running on <nid006700>
Hello world, I'm rank 42 of 81 total ranks running on <nid005306>
Hello world, I'm rank 51 of 81 total ranks running on <nid005306>
Hello world, I'm rank 69 of 81 total ranks running on <nid006700>
Hello world, I'm rank 30 of 81 total ranks running on <nid004786>
Hello world, I'm rank 65 of 81 total ranks running on <nid006700>
Hello world, I'm rank 70 of 81 total ranks running on <nid006700>
Hello world, I'm rank 23 of 81 total ranks running on <nid004786>
Hello world, I'm rank 22 of 81 total ranks running on <nid004786>
Hello world, I'm rank 31 of 81 total ranks running on <nid004786>
Hello world, I'm rank 56 of 81 total ranks running on <nid005306>
Hello world, I'm rank 73 of 81 total ranks running on <nid006700>
Hello world, I'm rank 33 of 81 total ranks running on <nid004786>
Hello world, I'm rank 34 of 81 total ranks running on <nid004786>
Hello world, I'm rank 24 of 81 total ranks running on <nid004786>
Hello world, I'm rank 57 of 81 total ranks running on <nid005306>
Hello world, I'm rank 50 of 81 total ranks running on <nid005306>
Hello world, I'm rank 68 of 81 total ranks running on <nid006700>
Hello world, I'm rank 40 of 81 total ranks running on <nid004786>
Hello world, I'm rank 46 of 81 total ranks running on <nid005306>
Hello world, I'm rank 63 of 81 total ranks running on <nid006700>
Hello world, I'm rank 67 of 81 total ranks running on <nid006700>
Hello world, I'm rank 37 of 81 total ranks running on <nid004786>
Hello world, I'm rank 54 of 81 total ranks running on <nid005306>
Hello world, I'm rank 66 of 81 total ranks running on <nid006700>
Hello world, I'm rank 72 of 81 total ranks running on <nid006700>
Hello world, I'm rank 39 of 81 total ranks running on <nid004786>
Hello world, I'm rank 35 of 81 total ranks running on <nid004786>
Hello world, I'm rank 36 of 81 total ranks running on <nid004786>
Hello world, I'm rank 43 of 81 total ranks running on <nid005306>
Hello world, I'm rank 26 of 81 total ranks running on <nid004786>
Hello world, I'm rank 28 of 81 total ranks running on <nid004786>
Hello world, I'm rank 38 of 81 total ranks running on <nid004786>
Hello world, I'm rank 58 of 81 total ranks running on <nid005306>
Hello world, I'm rank 62 of 81 total ranks running on <nid006700>
Hello world, I'm rank 21 of 81 total ranks running on <nid004786>
Hello world, I'm rank 27 of 81 total ranks running on <nid004786>
Hello world, I'm rank 48 of 81 total ranks running on <nid005306>
Hello world, I'm rank 79 of 81 total ranks running on <nid006700>
Hello world, I'm rank 77 of 81 total ranks running on <nid006700>
Hello world, I'm rank 78 of 81 total ranks running on <nid006700>
Hello world, I'm rank 47 of 81 total ranks running on <nid005306>
Hello world, I'm rank 55 of 81 total ranks running on <nid005306>
Hello world, I'm rank 52 of 81 total ranks running on <nid005306>
Hello world, I'm rank 74 of 81 total ranks running on <nid006700>
Hello world, I'm rank 44 of 81 total ranks running on <nid005306>
Hello world, I'm rank 49 of 81 total ranks running on <nid005306>
Hello world, I'm rank 71 of 81 total ranks running on <nid006700>
Hello world, I'm rank 60 of 81 total ranks running on <nid005306>
Hello world, I'm rank 75 of 81 total ranks running on <nid006700>
Hello world, I'm rank 80 of 81 total ranks running on <nid006700>
Hello world, I'm rank 59 of 81 total ranks running on <nid005306>
Hello world, I'm rank 76 of 81 total ranks running on <nid006700>
Hello world, I'm rank 53 of 81 total ranks running on <nid005306>
Hello world, I'm rank 25 of 81 total ranks running on <nid004786>
Hello world, I'm rank 61 of 81 total ranks running on <nid006700>
Hello world, I'm rank 41 of 81 total ranks running on <nid005306>
Hello world, I'm rank 0 of 81 total ranks running on <nid004411>


Timing results from rank 0: 
	Scatter time:	638.8597 (ms) 
	Sobel time:	3.3194 (ms) 
	Gather time:	2885.1266 (ms) 
